1 Italian
2 Italian
3 Italian
4 Italian
5 Italian
6 Italian
7 Italian
8 Italian
9 Italian
10 Italian
11 Italian
12 Italian
13 Italian
14 Italian
15 Italian
16 Italian
17 Italian
18 Italian
19 Italian
20 Italian
21 Italian
22 Italian
23 Italian
24 Italian
25 Italian
26 Italian
27 Italian
28 Italian
29 Italian
30 Italian
31 Italian
32 Italian
33 Italian
34 Italian
35 Italian
36 Italian
37 Italian
38 Italian
39 Italian
40 Italian
41 Italian
42 Italian
43 Italian
44 Italian
45 Italian
46 Italian
47 Italian
48 Italian
49 Italian
50 Italian
51 Italian
52 Italian
53 Italian
54 Italian
55 Italian
56 Italian
57 Italian
58 Italian
59 Italian
60 Italian
61 Italian
62 Italian
63 Italian
64 Italian
65 Italian
66 Italian
67 Italian
68 Italian
69 Italian
70 Italian
71 Italian
72 Italian
73 Italian
74 Italian
75 Italian
76 Italian
77 Italian
78 Italian
79 Italian
80 Italian
81 Italian
82 Italian
83 Italian
84 Italian
85 Italian
86 Italian
87 Italian
88 Italian
89 Italian
90 Italian
91 Italian
92 Italian
93 Italian
94 Italian
95 Italian
96 Italian
97 Italian
98 Italian
99 Italian
100 Italian
101 Italian
102 Italian
103 Italian
104 Italian
105 Italian
106 Italian
107 Italian
108 Italian
109 Italian
110 Italian
111 Italian
112 Italian
113 Italian
114 Italian
115 Italian
116 Italian
117 Italian
118 Italian
119 Italian
120 Italian
121 Italian
122 Italian
123 Italian
124 Italian
125 Italian
126 Italian
127 Italian
128 Italian
129 Italian
130 Italian
131 Italian
132 Italian
133 Italian
134 Italian
135 Italian
136 Italian
137 Italian
138 Italian
139 Italian
140 Italian
141 Italian
142 Italian
143 Italian
144 Italian
145 Italian
146 Italian
147 Italian
148 Italian
149 Italian
150 Italian
151 Italian
152 Italian
153 Italian
154 Italian
155 Italian
156 Italian
157 Italian
158 Italian
159 Italian
160 Italian
161 Italian
162 Italian
163 Italian
164 Italian
165 Italian
166 Italian
167 Italian
168 Italian
169 Italian
170 Italian
171 Italian
172 Italian
173 Italian
174 Italian
175 Italian
176 Italian
177 Italian
178 Italian
179 Italian
180 Italian
181 Italian
182 Italian
183 Italian
184 Italian
185 Italian
186 Italian
187 Italian
188 Italian
189 Italian
190 Italian
191 Italian
192 Italian
193 Italian
194 Italian
195 Italian
196 Italian
197 Italian
198 Italian
199 Italian
200 Italian
201 Italian
202 Italian
203 Italian
204 Italian
205 Italian
206 Italian
207 Italian
208 Italian
209 Italian
210 Italian
211 Italian
212 Italian
213 Italian
214 Italian
215 Italian
216 Italian
217 Italian
218 Italian
219 Italian
220 Italian
221 Italian
222 Italian
223 Italian
224 Italian
225 Italian
226 Italian
227 Italian
228 Italian
229 Italian
230 Italian
231 Italian
232 Italian
233 Italian
234 Italian
235 Italian
236 Italian
237 Italian
238 Italian
239 Italian
240 Italian
241 Italian
242 Italian
243 Italian
244 Italian
245 Italian
246 Italian
247 Italian
248 Italian
249 Italian
250 Italian
251 Italian
252 Italian
253 Italian
254 Italian
255 Italian
256 Italian
257 Italian
258 Italian
259 Italian
260 Italian
261 Italian
262 Italian
263 Italian
264 Italian
265 Italian
266 Italian
267 Italian
268 Italian
269 Italian
270 Italian
271 Italian
272 Italian
273 Italian
274 Italian
275 Italian
276 Italian
277 Italian
278 Italian
279 Italian
280 Italian
281 Italian
282 Italian
283 Italian
284 Italian
285 Italian
286 Italian
287 Italian
288 Italian
289 Italian
290 Italian
291 Italian
292 Italian
293 Italian
294 Italian
295 Italian
296 Italian
297 Italian
298 Italian
299 Italian
300 Italian
